<?xml version="1.0" encoding="UTF-8"?>
<testng-results ignored="3" total="7" passed="3" failed="1" skipped="0">
  <reporter-output>
  </reporter-output>
  <suite started-at="2023-05-01T12:11:07 IST" name="Suite" finished-at="2023-05-01T12:11:08 IST" duration-ms="686">
    <groups>
    </groups>
    <test started-at="2023-05-01T12:11:07 IST" name="Test" finished-at="2023-05-01T12:11:07 IST" duration-ms="195">
      <class name="test.demo">
        <test-method signature="Day1()[pri:0, instance:test.demo@71def8f8]" started-at="2023-05-01T12:11:07 IST" name="Day1" finished-at="2023-05-01T12:11:07 IST" duration-ms="18" status="PASS">
          <reporter-output>
          </reporter-output>
        </test-method> <!-- Day1 -->
        <test-method signature="Day2()[pri:0, instance:test.demo@71def8f8]" started-at="2023-05-01T12:11:07 IST" name="Day2" finished-at="2023-05-01T12:11:07 IST" duration-ms="6" status="PASS">
          <reporter-output>
          </reporter-output>
        </test-method> <!-- Day2 -->
      </class> <!-- test.demo -->
      <class name="test.Day2">
        <test-method is-config="true" signature="doct()[pri:0, instance:test.Day2@316bcf94]" started-at="2023-05-01T12:11:07 IST" name="doct" finished-at="2023-05-01T12:11:07 IST" duration-ms="1" status="PASS">
          <reporter-output>
          </reporter-output>
        </test-method> <!-- doct -->
        <test-method is-config="true" signature="method()[pri:0, instance:test.Day2@316bcf94]" started-at="2023-05-01T12:11:07 IST" name="method" finished-at="2023-05-01T12:11:07 IST" duration-ms="1" status="PASS">
          <reporter-output>
          </reporter-output>
        </test-method> <!-- method -->
        <test-method signature="Apple()[pri:0, instance:test.Day2@316bcf94]" started-at="2023-05-01T12:11:07 IST" name="Apple" finished-at="2023-05-01T12:11:07 IST" duration-ms="18" status="FAIL">
          <exception class="java.lang.AssertionError">
            <message>
              <![CDATA[expected [true] but found [false]]]>
            </message>
            <full-stacktrace>
              <![CDATA[java.lang.AssertionError: expected [true] but found [false]
at org.testng.Assert.fail(Assert.java:99)
at org.testng.Assert.failNotEquals(Assert.java:1037)
at org.testng.Assert.assertTrue(Assert.java:45)
at org.testng.Assert.assertTrue(Assert.java:55)
at test.Day2.Apple(Day2.java:60)
at java.base/jdk.internal.reflect.NativeMethodAccessorImpl.invoke0(Native Method)
at java.base/jdk.internal.reflect.NativeMethodAccessorImpl.invoke(NativeMethodAccessorImpl.java:77)
at java.base/jdk.internal.reflect.DelegatingMethodAccessorImpl.invoke(DelegatingMethodAccessorImpl.java:43)
at java.base/java.lang.reflect.Method.invoke(Method.java:568)
at org.testng.internal.MethodInvocationHelper.invokeMethod(MethodInvocationHelper.java:133)
at org.testng.internal.TestInvoker.invokeMethod(TestInvoker.java:598)
at org.testng.internal.TestInvoker.invokeTestMethod(TestInvoker.java:173)
at org.testng.internal.MethodRunner.runInSequence(MethodRunner.java:46)
at org.testng.internal.TestInvoker$MethodInvocationAgent.invoke(TestInvoker.java:824)
at org.testng.internal.TestInvoker.invokeTestMethods(TestInvoker.java:146)
at org.testng.internal.TestMethodWorker.invokeTestMethods(TestMethodWorker.java:146)
at org.testng.internal.TestMethodWorker.run(TestMethodWorker.java:128)
at java.base/java.util.ArrayList.forEach(ArrayList.java:1511)
at org.testng.TestRunner.privateRun(TestRunner.java:794)
at org.testng.TestRunner.run(TestRunner.java:596)
at org.testng.SuiteRunner.runTest(SuiteRunner.java:377)
at org.testng.SuiteRunner.runSequentially(SuiteRunner.java:371)
at org.testng.SuiteRunner.privateRun(SuiteRunner.java:332)
at org.testng.SuiteRunner.run(SuiteRunner.java:276)
at org.testng.SuiteRunnerWorker.runSuite(SuiteRunnerWorker.java:53)
at org.testng.SuiteRunnerWorker.run(SuiteRunnerWorker.java:96)
at org.testng.TestNG.runSuitesSequentially(TestNG.java:1212)
at org.testng.TestNG.runSuitesLocally(TestNG.java:1134)
at org.testng.TestNG.runSuites(TestNG.java:1063)
at org.testng.TestNG.run(TestNG.java:1031)
at org.testng.remote.AbstractRemoteTestNG.run(AbstractRemoteTestNG.java:115)
at org.testng.remote.RemoteTestNG.initAndRun(RemoteTestNG.java:251)
at org.testng.remote.RemoteTestNG.main(RemoteTestNG.java:77)
]]>
            </full-stacktrace>
          </exception> <!-- java.lang.AssertionError -->
          <reporter-output>
          </reporter-output>
        </test-method> <!-- Apple -->
        <test-method is-config="true" signature="delted()[pri:0, instance:test.Day2@316bcf94]" started-at="2023-05-01T12:11:07 IST" name="delted" finished-at="2023-05-01T12:11:07 IST" duration-ms="1" status="PASS">
          <reporter-output>
          </reporter-output>
        </test-method> <!-- delted -->
        <test-method is-config="true" signature="after()[pri:0, instance:test.Day2@316bcf94]" started-at="2023-05-01T12:11:07 IST" name="after" finished-at="2023-05-01T12:11:07 IST" duration-ms="0" status="PASS">
          <reporter-output>
          </reporter-output>
        </test-method> <!-- after -->
      </class> <!-- test.Day2 -->
    </test> <!-- Test -->
    <test started-at="2023-05-01T12:11:08 IST" name="Day" finished-at="2023-05-01T12:11:08 IST" duration-ms="22">
      <class name="test.Day2">
        <test-method is-config="true" signature="beforsute()[pri:0, instance:test.Day2@316bcf94]" started-at="2023-05-01T12:11:07 IST" name="beforsute" finished-at="2023-05-01T12:11:07 IST" duration-ms="30" status="PASS">
          <reporter-output>
          </reporter-output>
        </test-method> <!-- beforsute -->
        <test-method is-config="true" signature="last()[pri:0, instance:test.Day2@316bcf94]" started-at="2023-05-01T12:11:08 IST" name="last" finished-at="2023-05-01T12:11:08 IST" duration-ms="0" status="PASS">
          <reporter-output>
          </reporter-output>
        </test-method> <!-- last -->
      </class> <!-- test.Day2 -->
      <class name="test.Day3">
        <test-method signature="D4(java.lang.String)[pri:0, instance:test.Day3@5d534f5d]" started-at="2023-05-01T12:11:08 IST" name="D4" finished-at="2023-05-01T12:11:08 IST" duration-ms="4" status="PASS">
          <params>
            <param index="0">
              <value>
                <![CDATA[google.com]]>
              </value>
            </param>
          </params>
          <reporter-output>
          </reporter-output>
        </test-method> <!-- D4 -->
      </class> <!-- test.Day3 -->
    </test> <!-- Day -->
  </suite> <!-- Suite -->
</testng-results>
